<?xml version="1.0" encoding="UTF-8"?>
<!-- Generated by org.testng.reporters.JUnitXMLReporter -->
<testsuite hostname="LAPTOP-S1LVCJIH" ignored="0" name="Test" tests="1" failures="1" timestamp="02 Jan 2019 02:25:47 GMT" time="22.544" errors="0">
  <testcase name="validate_Sigin" time="22.483" classname="com.Sprint1.Tc01_ValidateSignin">
    <failure type="java.lang.NullPointerException">
      <![CDATA[java.lang.NullPointerException
at com.Reporting.Reporting.logEvenet(Reporting.java:49)
at com.GenericMethods.GenericMethods.launchBrowser(GenericMethods.java:44)
at com.Sprint1.Tc01_ValidateSignin.validate_Sigin(Tc01_ValidateSignin.java:22)
... Removed 25 stack frames]]>
    </failure>
  </testcase> <!-- validate_Sigin -->
</testsuite> <!-- Test -->
