<?xml version="1.0" encoding="UTF-8"?>
<testng-results skipped="0" failed="0" ignored="0" total="2" passed="2">
  <reporter-output>
  </reporter-output>
  <suite name="Suite" duration-ms="58143" started-at="2019-01-07T02:23:50Z" finished-at="2019-01-07T02:24:48Z">
    <groups>
    </groups>
    <test name="Test" duration-ms="58143" started-at="2019-01-07T02:23:50Z" finished-at="2019-01-07T02:24:48Z">
      <class name="com.Sprint1.Tc02_ValidateInvalidEmailAddress">
        <test-method status="PASS" signature="validate_InvalidEmailId()[pri:0, instance:com.Sprint1.Tc02_ValidateInvalidEmailAddress@1794d431]" name="validate_InvalidEmailId" duration-ms="29107" started-at="2019-01-07T02:24:18Z" finished-at="2019-01-07T02:24:47Z">
          <reporter-output>
          </reporter-output>
        </test-method> <!-- validate_InvalidEmailId -->
      </class> <!-- com.Sprint1.Tc02_ValidateInvalidEmailAddress -->
      <class name="com.Sprint1.Tc01_ValidateSignin">
        <test-method status="PASS" signature="validate_Sigin()[pri:0, instance:com.Sprint1.Tc01_ValidateSignin@4883b407]" name="validate_Sigin" duration-ms="25820" started-at="2019-01-07T02:23:51Z" finished-at="2019-01-07T02:24:17Z">
          <reporter-output>
          </reporter-output>
        </test-method> <!-- validate_Sigin -->
      </class> <!-- com.Sprint1.Tc01_ValidateSignin -->
    </test> <!-- Test -->
  </suite> <!-- Suite -->
</testng-results>
